<?xml version="1.0" encoding="UTF-8"?>
<!-- Generated by org.testng.reporters.JUnitReportReporter -->
<testsuite hostname="LAPTOP-K4DV1BSP" failures="0" tests="1" name="vimeoTest.VimeoLoginTest" time="12.014" errors="0" timestamp="2024-06-20T19:04:57 IST" skipped="0">
  <testcase classname="vimeoTest.VimeoLoginTest" name="login" time="12.014"/>
</testsuite> <!-- vimeoTest.VimeoLoginTest -->
